<?xml version="1.0" encoding="UTF-8"?>
<testsuite name="org.example.domain.calculator.CalculatorTest" tests="4" skipped="0" failures="0" errors="0" timestamp="2023-04-18T16:16:36" hostname="172.20.nate.com" time="0.128">
  <properties/>
  <testcase name="[1] 1, +, 2, 3" classname="org.example.domain.calculator.CalculatorTest" time="0.098"/>
  <testcase name="[2] 1, -, 2, -1" classname="org.example.domain.calculator.CalculatorTest" time="0.009"/>
  <testcase name="[3] 4, *, 2, 8" classname="org.example.domain.calculator.CalculatorTest" time="0.004"/>
  <testcase name="[4] 4, /, 2, 2" classname="org.example.domain.calculator.CalculatorTest" time="0.003"/>
  <system-out><![CDATA[]]></system-out>
  <system-err><![CDATA[]]></system-err>
</testsuite>
